<?xml version="1.0" encoding="UTF-8" ?>
<testsuite failures="1" time="3.007" errors="0" skipped="0" tests="5" name="com.ipet.client.api.AccountApiTest">
  <properties>
[...]
</properties>
  <testcase time="0.991" classname="com.ipet.client.api.AccountApiTest" name="checkLoginName"/>
  <testcase time="1.508" classname="com.ipet.client.api.AccountApiTest" name="changePassword"/>
  <testcase time="0.26" classname="com.ipet.client.api.AccountApiTest" name="checkPhone"/>
  <testcase time="0.246" classname="com.ipet.client.api.AccountApiTest" name="checkEmail"/>
  <testcase time="0.002" classname="com.ipet.client.api.AccountApiTest" name="register">
    <failure message="expected:&lt;[ab1847d38be149ef8ed6fce59bf837ea]&gt; but was:&lt;[测试2]&gt;" type="org.junit.ComparisonFailure">org.junit.ComparisonFailure: expected:&lt;[ab1847d38be149ef8ed6fce59bf837ea]&gt; but was:&lt;[测试2]&gt;
	at org.junit.Assert.assertEquals(Assert.java:125)
	at org.junit.Assert.assertEquals(Assert.java:147)
	at com.ipet.client.api.AccountApiTest.register(AccountApiTest.java:41)
	at sun.reflect.NativeMethodAccessorImpl.invoke0(Native Method)
	at sun.reflect.NativeMethodAccessorImpl.invoke(NativeMethodAccessorImpl.java:57)
	at sun.reflect.DelegatingMethodAccessorImpl.invoke(DelegatingMethodAccessorImpl.java:43)
	at java.lang.reflect.Method.invoke(Method.java:606)
	at org.junit.runners.model.FrameworkMethod$1.runReflectiveCall(FrameworkMethod.java:45)
	at org.junit.internal.runners.model.ReflectiveCallable.run(ReflectiveCallable.java:15)
	at org.junit.runners.model.FrameworkMethod.invokeExplosively(FrameworkMethod.java:42)
	at org.junit.internal.runners.statements.InvokeMethod.evaluate(InvokeMethod.java:20)
	at org.junit.runners.ParentRunner.runLeaf(ParentRunner.java:263)
	at org.junit.runners.BlockJUnit4ClassRunner.runChild(BlockJUnit4ClassRunner.java:68)
	at org.junit.runners.BlockJUnit4ClassRunner.runChild(BlockJUnit4ClassRunner.java:47)
	at org.junit.runners.ParentRunner$3.run(ParentRunner.java:231)
	at org.junit.runners.ParentRunner$1.schedule(ParentRunner.java:60)
	at org.junit.runners.ParentRunner.runChildren(ParentRunner.java:229)
	at org.junit.runners.ParentRunner.access$000(ParentRunner.java:50)
	at org.junit.runners.ParentRunner$2.evaluate(ParentRunner.java:222)
	at org.junit.runners.ParentRunner.run(ParentRunner.java:300)
	at org.junit.runners.Suite.runChild(Suite.java:128)
	at org.junit.runners.Suite.runChild(Suite.java:24)
	at org.junit.runners.ParentRunner$3.run(ParentRunner.java:231)
	at org.junit.runners.ParentRunner$1.schedule(ParentRunner.java:60)
	at org.junit.runners.ParentRunner.runChildren(ParentRunner.java:229)
	at org.junit.runners.ParentRunner.access$000(ParentRunner.java:50)
	at org.junit.runners.ParentRunner$2.evaluate(ParentRunner.java:222)
	at org.junit.runners.ParentRunner.run(ParentRunner.java:300)
	at org.junit.runner.JUnitCore.run(JUnitCore.java:157)
	at org.junit.runner.JUnitCore.run(JUnitCore.java:136)
	at org.apache.maven.surefire.junitcore.JUnitCoreWrapper.execute(JUnitCoreWrapper.java:62)
	at org.apache.maven.surefire.junitcore.JUnitCoreProvider.invoke(JUnitCoreProvider.java:139)
	at sun.reflect.NativeMethodAccessorImpl.invoke0(Native Method)
	at sun.reflect.NativeMethodAccessorImpl.invoke(NativeMethodAccessorImpl.java:57)
	at sun.reflect.DelegatingMethodAccessorImpl.invoke(DelegatingMethodAccessorImpl.java:43)
	at java.lang.reflect.Method.invoke(Method.java:606)
	at org.apache.maven.surefire.util.ReflectionUtils.invokeMethodWithArray(ReflectionUtils.java:189)
	at org.apache.maven.surefire.booter.ProviderFactory$ProviderProxy.invoke(ProviderFactory.java:165)
	at org.apache.maven.surefire.booter.ProviderFactory.invokeProvider(ProviderFactory.java:85)
	at org.apache.maven.surefire.booter.ForkedBooter.runSuitesInProcess(ForkedBooter.java:115)
	at org.apache.maven.surefire.booter.ForkedBooter.main(ForkedBooter.java:75)
</failure>
    <system-out>2014-04-09 01:04:34,210 [main] DEBUG [com.ipet.client.api.AccountApiTest] - com.ipet.client.api.domain.IpetUser@124154[id=63799dfc-f5e8-4d14-a353-4d4f8cc3f5b2,loginName=测试2,displayName=测试2,email=&lt;null&gt;,phone=&lt;null&gt;,avatar32=&lt;null&gt;,avatar48=&lt;null&gt;,loginNum=0,shopCount=0,appCount=0,followerCount=0,friendCount=0,followCount=0,photoCount=0,favorCount=0,commentCount=0,createAt=2014-04-09 01:04:35,updateAt=&lt;null&gt;]
</system-out>
  </testcase>
</testsuite>